<?xml version="1.0" encoding="UTF-8"?>
<!-- Generated by org.testng.reporters.JUnitXMLReporter -->
<testsuite hostname="Anshulms-MacBook-Pro.local" ignored="0" name="Command line test" tests="3" failures="0" timestamp="18 Oct 2017 13:14:29 GMT" time="93.538" errors="0">
  <testcase name="flight_valid_search" time="12.004" classname="com.testvagrant.codinground.tests.FlightBookingTest"/>
  <testcase name="hotel_valid_search" time="19.295" classname="com.testvagrant.codinground.tests.HotelBookingTest"/>
  <testcase name="blank_sign_in_test" time="5.124" classname="com.testvagrant.codinground.tests.SignInTest"/>
</testsuite> <!-- Command line test -->
