<?xml version="1.0" encoding="UTF-8"?>
<testng-results skipped="0" failed="0" ignored="0" total="3" passed="3">
  <reporter-output>
    <line>
      <![CDATA[All fields entered on flight search page and form submitted]]>
    </line>
    <line>
      <![CDATA[Flight search passed]]>
    </line>
    <line>
      <![CDATA[All fields are entered for Hotel search and form submitted]]>
    </line>
    <line>
      <![CDATA[Hotel search passed]]>
    </line>
    <line>
      <![CDATA[Sign In test passed]]>
    </line>
  </reporter-output>
  <suite name="Command line suite" duration-ms="93538" started-at="2017-10-18T13:12:56Z" finished-at="2017-10-18T13:14:29Z">
    <groups>
    </groups>
    <test name="Command line test" duration-ms="93538" started-at="2017-10-18T13:12:56Z" finished-at="2017-10-18T13:14:29Z">
      <class name="com.testvagrant.codinground.tests.HotelBookingTest">
        <test-method status="PASS" signature="startTest()[pri:0, instance:com.testvagrant.codinground.tests.HotelBookingTest@67b64c45]" name="startTest" is-config="true" duration-ms="19329" started-at="2017-10-18T18:43:26Z" finished-at="2017-10-18T18:43:45Z">
          <reporter-output>
          </reporter-output>
        </test-method> <!-- startTest -->
        <test-method status="PASS" signature="hotel_valid_search()[pri:0, instance:com.testvagrant.codinground.tests.HotelBookingTest@67b64c45]" name="hotel_valid_search" duration-ms="19295" started-at="2017-10-18T18:43:45Z" finished-at="2017-10-18T18:44:04Z">
          <reporter-output>
            <line>
              <![CDATA[All fields are entered for Hotel search and form submitted]]>
            </line>
            <line>
              <![CDATA[Hotel search passed]]>
            </line>
          </reporter-output>
        </test-method> <!-- hotel_valid_search -->
        <test-method status="PASS" signature="closeSession()[pri:0, instance:com.testvagrant.codinground.tests.HotelBookingTest@67b64c45]" name="closeSession" is-config="true" duration-ms="126" started-at="2017-10-18T18:44:04Z" finished-at="2017-10-18T18:44:05Z">
          <reporter-output>
          </reporter-output>
        </test-method> <!-- closeSession -->
      </class> <!-- com.testvagrant.codinground.tests.HotelBookingTest -->
      <class name="com.testvagrant.codinground.tests.FlightBookingTest">
        <test-method status="PASS" signature="startTest()[pri:0, instance:com.testvagrant.codinground.tests.FlightBookingTest@3796751b]" name="startTest" is-config="true" duration-ms="17997" started-at="2017-10-18T18:42:56Z" finished-at="2017-10-18T18:43:14Z">
          <reporter-output>
          </reporter-output>
        </test-method> <!-- startTest -->
        <test-method status="PASS" signature="flight_valid_search()[pri:0, instance:com.testvagrant.codinground.tests.FlightBookingTest@3796751b]" name="flight_valid_search" duration-ms="12004" started-at="2017-10-18T18:43:14Z" finished-at="2017-10-18T18:43:26Z">
          <reporter-output>
            <line>
              <![CDATA[All fields entered on flight search page and form submitted]]>
            </line>
            <line>
              <![CDATA[Flight search passed]]>
            </line>
          </reporter-output>
        </test-method> <!-- flight_valid_search -->
        <test-method status="PASS" signature="closeSession()[pri:0, instance:com.testvagrant.codinground.tests.FlightBookingTest@3796751b]" name="closeSession" is-config="true" duration-ms="112" started-at="2017-10-18T18:43:26Z" finished-at="2017-10-18T18:43:26Z">
          <reporter-output>
          </reporter-output>
        </test-method> <!-- closeSession -->
      </class> <!-- com.testvagrant.codinground.tests.FlightBookingTest -->
      <class name="com.testvagrant.codinground.tests.SignInTest">
        <test-method status="PASS" signature="startTest()[pri:0, instance:com.testvagrant.codinground.tests.SignInTest@4411d970]" name="startTest" is-config="true" duration-ms="19426" started-at="2017-10-18T18:44:05Z" finished-at="2017-10-18T18:44:24Z">
          <reporter-output>
          </reporter-output>
        </test-method> <!-- startTest -->
        <test-method status="PASS" signature="blank_sign_in_test()[pri:0, instance:com.testvagrant.codinground.tests.SignInTest@4411d970]" name="blank_sign_in_test" duration-ms="5124" started-at="2017-10-18T18:44:24Z" finished-at="2017-10-18T18:44:29Z">
          <reporter-output>
            <line>
              <![CDATA[Sign In test passed]]>
            </line>
          </reporter-output>
        </test-method> <!-- blank_sign_in_test -->
        <test-method status="PASS" signature="closeSession()[pri:0, instance:com.testvagrant.codinground.tests.SignInTest@4411d970]" name="closeSession" is-config="true" duration-ms="98" started-at="2017-10-18T18:44:29Z" finished-at="2017-10-18T18:44:29Z">
          <reporter-output>
          </reporter-output>
        </test-method> <!-- closeSession -->
      </class> <!-- com.testvagrant.codinground.tests.SignInTest -->
    </test> <!-- Command line test -->
  </suite> <!-- Command line suite -->
</testng-results>
