<?xml version="1.0" encoding="UTF-8"?>
<!-- Generated by org.testng.reporters.JUnitXMLReporter -->
<testsuite hostname="NDI-LAP-752" ignored="8" name="Test Module" tests="3" failures="0" timestamp="16 Dec 2018 19:33:03 GMT" time="197.72" errors="0">
  <testcase name="shouldThrowAnErrorIfSignInDetailsAreMissing" time="84.192" classname="com.coding.test.SignInTest"/>
  <testcase name="testThatResultsAppearForAOneWayJourney" time="48.931" classname="com.coding.test.FlightBookingTest"/>
  <testcase name="testThatResultsAppearForAOneWayJourney" time="42.172" classname="com.coding.test.HotelBookingTest"/>
  <testcase name="@BeforeSuite setup" time="0.0" classname="com.coding.base.BaseExecution">
    <ignored/>
  </testcase> <!-- @BeforeSuite setup -->
  <testcase name="@BeforeSuite setup" time="0.0" classname="com.coding.base.BaseExecution">
    <ignored/>
  </testcase> <!-- @BeforeSuite setup -->
  <testcase name="@BeforeTest createTestResult" time="0.0" classname="com.coding.base.BaseExecution">
    <ignored/>
  </testcase> <!-- @BeforeTest createTestResult -->
  <testcase name="@BeforeTest createTestResult" time="0.0" classname="com.coding.base.BaseExecution">
    <ignored/>
  </testcase> <!-- @BeforeTest createTestResult -->
  <testcase name="@AfterSuite TerminateTest" time="0.0" classname="com.coding.base.BaseExecution">
    <ignored/>
  </testcase> <!-- @AfterSuite TerminateTest -->
  <testcase name="@AfterSuite TerminateTest" time="0.0" classname="com.coding.base.BaseExecution">
    <ignored/>
  </testcase> <!-- @AfterSuite TerminateTest -->
  <testcase name="@AfterTest endTestResult" time="0.0" classname="com.coding.base.BaseExecution">
    <ignored/>
  </testcase> <!-- @AfterTest endTestResult -->
  <testcase name="@AfterTest endTestResult" time="0.0" classname="com.coding.base.BaseExecution">
    <ignored/>
  </testcase> <!-- @AfterTest endTestResult -->
</testsuite> <!-- Test Module -->
