<?xml version="1.0" encoding="UTF-8"?>
<!-- Generated by org.testng.reporters.JUnitXMLReporter -->
<testsuite hostname="NDI-LAP-752" ignored="8" name="Test Module" tests="3" failures="0" timestamp="17 Dec 2018 06:26:54 GMT" time="126.743" errors="0">
  <testcase name="shouldThrowAnErrorIfSignInDetailsAreMissing" time="22.101" classname="com.coding.test.SignInTest"/>
  <testcase name="testThatResultsAppearForAOneWayJourney" time="41.849" classname="com.coding.test.FlightBookingTest"/>
  <testcase name="testThatResultsAppearForAOneWayJourney" time="40.031" classname="com.coding.test.HotelBookingTest"/>
  <testcase name="@BeforeSuite setup" time="0.0" classname="com.coding.base.BaseExecution">
    <ignored/>
  </testcase> <!-- @BeforeSuite setup -->
  <testcase name="@BeforeSuite setup" time="0.0" classname="com.coding.base.BaseExecution">
    <ignored/>
  </testcase> <!-- @BeforeSuite setup -->
  <testcase name="@BeforeTest createTestResult" time="0.0" classname="com.coding.base.BaseExecution">
    <ignored/>
  </testcase> <!-- @BeforeTest createTestResult -->
  <testcase name="@BeforeTest createTestResult" time="0.0" classname="com.coding.base.BaseExecution">
    <ignored/>
  </testcase> <!-- @BeforeTest createTestResult -->
  <testcase name="@AfterSuite TerminateTest" time="0.0" classname="com.coding.base.BaseExecution">
    <ignored/>
  </testcase> <!-- @AfterSuite TerminateTest -->
  <testcase name="@AfterSuite TerminateTest" time="0.0" classname="com.coding.base.BaseExecution">
    <ignored/>
  </testcase> <!-- @AfterSuite TerminateTest -->
  <testcase name="@AfterTest endTestResult" time="0.0" classname="com.coding.base.BaseExecution">
    <ignored/>
  </testcase> <!-- @AfterTest endTestResult -->
  <testcase name="@AfterTest endTestResult" time="0.0" classname="com.coding.base.BaseExecution">
    <ignored/>
  </testcase> <!-- @AfterTest endTestResult -->
</testsuite> <!-- Test Module -->
