<?xml version="1.0" encoding="UTF-8"?>
<!-- Generated by org.testng.reporters.JUnitXMLReporter -->
<testsuite hostname="DV6-HP" ignored="0" tests="3" failures="0" timestamp="27 Dec 2018 19:21:20 GMT" time="118.361" errors="0">
  <testcase name="shouldThrowAnErrorIfSignInDetailsAreMissing" time="9.131" classname="SignInTest"/>
  <testcase name="testThatResultsAppearForAOneWayJourney" time="12.039" classname="FlightBookingTest"/>
  <testcase name="shouldBeAbleToSearchForHotels" time="18.305" classname="HotelBookingTest"/>
</testsuite>
