<?xml version="1.0" encoding="UTF-8"?>
<!-- Generated by org.testng.reporters.JUnitXMLReporter -->
<testsuite hostname="DV6-HP" ignored="0" name="Booking Tests" tests="3" failures="0" timestamp="29 Dec 2018 11:57:29 GMT" time="82.201" errors="0">
  <testcase name="shouldThrowAnErrorIfSignInDetailsAreMissing" time="5.467" classname="testcases.SignInTest"/>
  <testcase name="testThatResultsAppearForAOneWayJourney" time="13.03" classname="testcases.FlightBookingTest"/>
  <testcase name="shouldBeAbleToSearchForHotels" time="14.879" classname="testcases.HotelBookingTest"/>
</testsuite> <!-- Booking Tests -->
